app/build/intermediates/manifest_merge_blame_file/debug/manifest-merger-blame-debug-report.txt
1<?xml version="1.0" encoding="utf-8"?>
2<manifest xmlns:android="http://schemas.android.com/apk/res/android"
3    package="com.example.a20230305_donshin_nycschools"
4    android:versionCode="1"
5    android:versionName="1.0" >
6
7    <uses-sdk
8        android:minSdkVersion="26"
8-->src/main/AndroidManifest.xml
9        android:targetSdkVersion="33" />
9-->src/main/AndroidManifest.xml
10
11    <uses-permission android:name="android.permission.INTERNET" />
11-->src/main/AndroidManifest.xml:5:5-66
11-->src/main/AndroidManifest.xml:5:22-64
12
13    <permission
13-->[androidx.core:core:1.9.0] AndroidManifest.xml:22:5-24:47
14        android:name="com.example.a20230305_donshin_nycschools.DYNAMIC_RECEIVER_NOT_EXPORTED_PERMISSION"
14-->[androidx.core:core:1.9.0] AndroidManifest.xml:23:9-81
15        android:protectionLevel="signature" />
15-->[androidx.core:core:1.9.0] AndroidManifest.xml:24:9-44
16
17    <uses-permission android:name="com.example.a20230305_donshin_nycschools.DYNAMIC_RECEIVER_NOT_EXPORTED_PERMISSION" />
17-->[androidx.core:core:1.9.0] AndroidManifest.xml:26:5-97
17-->[androidx.core:core:1.9.0] AndroidManifest.xml:26:22-94
18
19    <application
19-->src/main/AndroidManifest.xml:7:5-27:19
20        android:name="com.example.a20230305_donshin_nycschools.NycSchoolsApplication"
20-->src/main/AndroidManifest.xml:8:9-86
21        android:allowBackup="true"
21-->src/main/AndroidManifest.xml:9:9-35
22        android:appComponentFactory="androidx.core.app.CoreComponentFactory"
22-->[androidx.core:core:1.9.0] AndroidManifest.xml:28:18-86
23        android:dataExtractionRules="@xml/data_extraction_rules"
23-->src/main/AndroidManifest.xml:10:9-65
24        android:debuggable="true"
25        android:extractNativeLibs="false"
26        android:fullBackupContent="@xml/backup_rules"
26-->src/main/AndroidManifest.xml:11:9-54
27        android:icon="@mipmap/ic_launcher"
27-->src/main/AndroidManifest.xml:12:9-43
28        android:label="@string/app_name"
28-->src/main/AndroidManifest.xml:13:9-41
29        android:supportsRtl="true"
29-->src/main/AndroidManifest.xml:14:9-35
30        android:testOnly="true"
31        android:theme="@style/Theme.SchoolsAssigmentDon" >
31-->src/main/AndroidManifest.xml:15:9-57
32        <activity
32-->src/main/AndroidManifest.xml:17:9-26:20
33            android:name="com.example.a20230305_donshin_nycschools.MainActivity"
33-->src/main/AndroidManifest.xml:18:13-81
34            android:exported="true"
34-->src/main/AndroidManifest.xml:19:13-36
35            android:theme="@style/Theme.SchoolsAssigmentDon" >
35-->src/main/AndroidManifest.xml:20:13-61
36            <intent-filter>
36-->src/main/AndroidManifest.xml:21:13-25:29
37                <action android:name="android.intent.action.MAIN" />
37-->src/main/AndroidManifest.xml:22:17-69
37-->src/main/AndroidManifest.xml:22:25-66
38
39                <category android:name="android.intent.category.LAUNCHER" />
39-->src/main/AndroidManifest.xml:24:17-77
39-->src/main/AndroidManifest.xml:24:27-74
40            </intent-filter>
41        </activity>
42        <activity
42-->[androidx.compose.ui:ui-tooling:1.3.0] AndroidManifest.xml:23:9-25:39
43            android:name="androidx.compose.ui.tooling.PreviewActivity"
43-->[androidx.compose.ui:ui-tooling:1.3.0] AndroidManifest.xml:24:13-71
44            android:exported="true" />
44-->[androidx.compose.ui:ui-tooling:1.3.0] AndroidManifest.xml:25:13-36
45        <activity
45-->[androidx.compose.ui:ui-test-manifest:1.3.0] AndroidManifest.xml:23:9-25:39
46            android:name="androidx.activity.ComponentActivity"
46-->[androidx.compose.ui:ui-test-manifest:1.3.0] AndroidManifest.xml:24:13-63
47            android:exported="true" />
47-->[androidx.compose.ui:ui-test-manifest:1.3.0] AndroidManifest.xml:25:13-36
48
49        <provider
49-->[androidx.profileinstaller:profileinstaller:1.2.0] AndroidManifest.xml:25:9-33:20
50            android:name="androidx.startup.InitializationProvider"
50-->[androidx.profileinstaller:profileinstaller:1.2.0] AndroidManifest.xml:26:13-67
51            android:authorities="com.example.a20230305_donshin_nycschools.androidx-startup"
51-->[androidx.profileinstaller:profileinstaller:1.2.0] AndroidManifest.xml:27:13-68
52            android:exported="false" >
52-->[androidx.profileinstaller:profileinstaller:1.2.0] AndroidManifest.xml:28:13-37
53            <meta-data
53-->[androidx.profileinstaller:profileinstaller:1.2.0] AndroidManifest.xml:30:13-32:52
54                android:name="androidx.profileinstaller.ProfileInstallerInitializer"
54-->[androidx.profileinstaller:profileinstaller:1.2.0] AndroidManifest.xml:31:17-85
55                android:value="androidx.startup" />
55-->[androidx.profileinstaller:profileinstaller:1.2.0] AndroidManifest.xml:32:17-49
56        </provider>
57
58        <receiver
58-->[androidx.profileinstaller:profileinstaller:1.2.0] AndroidManifest.xml:35:9-47:20
59            android:name="androidx.profileinstaller.ProfileInstallReceiver"
59-->[androidx.profileinstaller:profileinstaller:1.2.0] AndroidManifest.xml:36:13-76
60            android:directBootAware="false"
60-->[androidx.profileinstaller:profileinstaller:1.2.0] AndroidManifest.xml:37:13-44
61            android:enabled="true"
61-->[androidx.profileinstaller:profileinstaller:1.2.0] AndroidManifest.xml:38:13-35
62            android:exported="true"
62-->[androidx.profileinstaller:profileinstaller:1.2.0] AndroidManifest.xml:39:13-36
63            android:permission="android.permission.DUMP" >
63-->[androidx.profileinstaller:profileinstaller:1.2.0] AndroidManifest.xml:40:13-57
64            <intent-filter>
64-->[androidx.profileinstaller:profileinstaller:1.2.0] AndroidManifest.xml:41:13-43:29
65                <action android:name="androidx.profileinstaller.action.INSTALL_PROFILE" />
65-->[androidx.profileinstaller:profileinstaller:1.2.0] AndroidManifest.xml:42:17-91
65-->[androidx.profileinstaller:profileinstaller:1.2.0] AndroidManifest.xml:42:25-88
66            </intent-filter>
67            <intent-filter>
67-->[androidx.profileinstaller:profileinstaller:1.2.0] AndroidManifest.xml:44:13-46:29
68                <action android:name="androidx.profileinstaller.action.SKIP_FILE" />
68-->[androidx.profileinstaller:profileinstaller:1.2.0] AndroidManifest.xml:45:17-85
68-->[androidx.profileinstaller:profileinstaller:1.2.0] AndroidManifest.xml:45:25-82
69            </intent-filter>
70        </receiver>
71    </application>
72
73</manifest>